[1721221892.101][INFO]: Starting ChromeDriver 126.0.6478.182 (5b5d8292ddf182f8b2096fa665b473b6317906d5-refs/branch-heads/6478@{#1776}) on port 60278
[1721221892.102][INFO]: Please see https://chromedriver.chromium.org/security-considerations for suggestions on keeping ChromeDriver safe.
[1721221892.337][INFO]: [ec03881a59acd9edb79495250658f1c0] COMMAND InitSession {
   "capabilities": {
      "firstMatch": [ {
         "browserName": "chrome",
         "goog:chromeOptions": {
            "args": [  ],
            "extensions": [  ]
         }
      } ]
   },
   "desiredCapabilities": {
      "browserName": "chrome",
      "goog:chromeOptions": {
         "args": [  ],
         "extensions": [  ]
      }
   }
}
[1721221892.347][INFO]: Browser search. Trying... C:\Users\Forneus\.cache\selenium\chromedriver\win64\126.0.6478.182\chrome.exe
[1721221892.348][INFO]: Browser search. Trying... C:\Users\Forneus\.cache\selenium\chromedriver\win64\126.0.6478.182\chrome.exe
[1721221892.348][INFO]: Browser search. Trying... C:\Users\Forneus\.cache\selenium\chromedriver\win64\126.0.6478.182\chromium.exe
[1721221892.351][INFO]: Browser search. Trying... C:\Users\Forneus\AppData\Local\Google\Chrome\Application\chrome.exe
[1721221892.351][INFO]: Browser search. Trying... C:\Program Files (x86)\Google\Chrome\Application\chrome.exe
[1721221892.351][INFO]: Browser search. Trying... C:\Program Files (x86)\Google\Chrome\Application\chrome.exe
[1721221892.351][INFO]: Browser search. Trying... C:\Program Files\Google\Chrome\Application\chrome.exe
[1721221892.351][INFO]: Browser search. Found at  C:\Program Files\Google\Chrome\Application\chrome.exe
[1721221892.351][INFO]: Populating Preferences file: {
   "alternate_error_pages": {
      "enabled": false
   },
   "autofill": {
      "enabled": false
   },
   "browser": {
      "check_default_browser": false
   },
   "distribution": {
      "import_bookmarks": false,
      "import_history": false,
      "import_search_engine": false,
      "make_chrome_default_for_user": false,
      "skip_first_run_ui": true
   },
   "dns_prefetching": {
      "enabled": false
   },
   "profile": {
      "content_settings": {
         "pattern_pairs": {
            "https://*,*": {
               "media-stream": {
                  "audio": "Default",
                  "video": "Default"
               }
            }
         }
      },
      "default_content_setting_values": {
         "geolocation": 1
      },
      "default_content_settings": {
         "geolocation": 1,
         "mouselock": 1,
         "notifications": 1,
         "popups": 1,
         "ppapi-broker": 1
      },
      "password_manager_enabled": false
   },
   "safebrowsing": {
      "enabled": false
   },
   "search": {
      "suggest_enabled": false
   },
   "translate": {
      "enabled": false
   }
}
[1721221892.352][INFO]: Populating Local State file: {
   "background_mode": {
      "enabled": false
   },
   "ssl": {
      "rev_checking": {
         "enabled": false
      }
   }
}
[1721221892.354][INFO]: ChromeDriver supports communication with Chrome via pipes. This is more reliable and more secure.
[1721221892.354][INFO]: Use the --remote-debugging-pipe Chrome switch instead of the default --remote-debugging-port to enable this communication mode.
[1721221892.356][INFO]: Launching chrome: "C:\Program Files\Google\Chrome\Application\chrome.exe" --allow-pre-commit-input --disable-background-networking --disable-backgrounding-occluded-windows --disable-client-side-phishing-detection --disable-default-apps --disable-hang-monitor --disable-popup-blocking --disable-prompt-on-repost --disable-sync --enable-automation --enable-logging --log-level=0 --no-first-run --no-service-autorun --password-store=basic --remote-debugging-port=0 --test-type=webdriver --use-mock-keychain --user-data-dir="C:\Users\Forneus\AppData\Local\Temp\scoped_dir19068_1683865894" data:,
[1721221892.568][DEBUG]: DevTools HTTP Request: http://localhost:54559/json/version
[1721221892.883][DEBUG]: DevTools HTTP Response: {
   "Browser": "Chrome/126.0.6478.127",
   "Protocol-Version": "1.3",
   "User-Agent": "Mozilla/5.0 (Windows NT 10.0; Win64; x64) AppleWebKit/537.36 (KHTML, like Gecko) Chrome/126.0.0.0 Safari/537.36",
   "V8-Version": "12.6.228.21",
   "WebKit-Version": "537.36 (@a435861f0ca363a64f7485619ee5939833823fce)",
   "webSocketDebuggerUrl": "ws://localhost:54559/devtools/browser/9c927ff6-b70c-40ba-8c19-0f28222ce53b"
}

[1721221892.883][DEBUG]: DevTools HTTP Request: http://localhost:54559/json/list
[1721221892.884][DEBUG]: DevTools HTTP Response: [ {
   "description": "",
   "devtoolsFrontendUrl": "/devtools/inspector.html?ws=localhost:54559/devtools/page/74E1912C70273795DC7E54C50F16C1D0",
   "id": "74E1912C70273795DC7E54C50F16C1D0",
   "title": "data:,",
   "type": "page",
   "url": "data:,",
   "webSocketDebuggerUrl": "ws://localhost:54559/devtools/page/74E1912C70273795DC7E54C50F16C1D0"
} ]

[1721221892.886][INFO]: resolved localhost to ["::1","127.0.0.1"]
[1721221892.887][DEBUG]: DevTools WebSocket Command: Target.getTargets (id=1) (session_id=) browser {
}
[1721221892.887][DEBUG]: DevTools WebSocket Response: Target.getTargets (id=1) (session_id=) browser {
   "targetInfos": [ {
      "attached": false,
      "browserContextId": "B3D422BF165756C3DD61773E3482B38D",
      "canAccessOpener": false,
      "targetId": "74E1912C70273795DC7E54C50F16C1D0",
      "title": "data:,",
      "type": "page",
      "url": "data:,"
   } ]
}
[1721221892.887][DEBUG]: DevTools WebSocket Command: Target.attachToTarget (id=2) (session_id=) browser {
   "flatten": true,
   "targetId": "74E1912C70273795DC7E54C50F16C1D0"
}
[1721221892.888][DEBUG]: DevTools WebSocket Event: Target.attachedToTarget (session_id=) browser {
   "sessionId": "289F368CB1AE910EC926249EBA34B52A",
   "targetInfo": {
      "attached": true,
      "browserContextId": "B3D422BF165756C3DD61773E3482B38D",
      "canAccessOpener": false,
      "targetId": "74E1912C70273795DC7E54C50F16C1D0",
      "title": "data:,",
      "type": "page",
      "url": "data:,"
   },
   "waitingForDebugger": false
}
[1721221892.888][DEBUG]: DevTools WebSocket Response: Target.attachToTarget (id=2) (session_id=) browser {
   "sessionId": "289F368CB1AE910EC926249EBA34B52A"
}
[1721221892.888][DEBUG]: DevTools WebSocket Command: Page.enable (id=3) (session_id=289F368CB1AE910EC926249EBA34B52A) 74E1912C70273795DC7E54C50F16C1D0 {
}
[1721221892.888][DEBUG]: DevTools WebSocket Command: Page.addScriptToEvaluateOnNewDocument (id=4) (session_id=289F368CB1AE910EC926249EBA34B52A) 74E1912C70273795DC7E54C50F16C1D0 {
   "source": "(function () {window.cdc_adoQpoasnfa76pfcZLmcfl_Array = window.Array;window.cdc_adoQpoasnfa76pfcZLmcfl_Object = window.Object;window.cdc_adoQpoasnfa76pfcZLmcfl_Promise = window.Promise;window.cdc_a..."
}
[1721221892.888][DEBUG]: DevTools WebSocket Command: Runtime.evaluate (id=5) (session_id=289F368CB1AE910EC926249EBA34B52A) 74E1912C70273795DC7E54C50F16C1D0 {
   "expression": "(function () {window.cdc_adoQpoasnfa76pfcZLmcfl_Array = window.Array;window.cdc_adoQpoasnfa76pfcZLmcfl_Object = window.Object;window.cdc_adoQpoasnfa76pfcZLmcfl_Promise = window.Promise;window.cdc_a..."
}
[1721221892.888][DEBUG]: DevTools WebSocket Command: Log.enable (id=6) (session_id=289F368CB1AE910EC926249EBA34B52A) 74E1912C70273795DC7E54C50F16C1D0 {
}
[1721221892.888][DEBUG]: DevTools WebSocket Command: Target.setAutoAttach (id=7) (session_id=289F368CB1AE910EC926249EBA34B52A) 74E1912C70273795DC7E54C50F16C1D0 {
   "autoAttach": true,
   "flatten": true,
   "waitForDebuggerOnStart": false
}
[1721221892.968][DEBUG]: DevTools WebSocket Event: Page.frameStoppedLoading (session_id=289F368CB1AE910EC926249EBA34B52A) 74E1912C70273795DC7E54C50F16C1D0 {
   "frameId": "74E1912C70273795DC7E54C50F16C1D0"
}
[1721221892.968][DEBUG]: DevTools WebSocket Response: Page.enable (id=3) (session_id=289F368CB1AE910EC926249EBA34B52A) 74E1912C70273795DC7E54C50F16C1D0 {
}
[1721221892.968][DEBUG]: DevTools WebSocket Response: Page.addScriptToEvaluateOnNewDocument (id=4) (session_id=289F368CB1AE910EC926249EBA34B52A) 74E1912C70273795DC7E54C50F16C1D0 {
   "identifier": "1"
}
[1721221892.968][DEBUG]: DevTools WebSocket Response: Runtime.evaluate (id=5) (session_id=289F368CB1AE910EC926249EBA34B52A) 74E1912C70273795DC7E54C50F16C1D0 {
   "result": {
      "type": "undefined"
   }
}
[1721221892.968][DEBUG]: DevTools WebSocket Response: Log.enable (id=6) (session_id=289F368CB1AE910EC926249EBA34B52A) 74E1912C70273795DC7E54C50F16C1D0 {
}
[1721221892.968][DEBUG]: DevTools WebSocket Response: Target.setAutoAttach (id=7) (session_id=289F368CB1AE910EC926249EBA34B52A) 74E1912C70273795DC7E54C50F16C1D0 {
}
[1721221892.968][DEBUG]: DevTools WebSocket Command: Runtime.enable (id=8) (session_id=289F368CB1AE910EC926249EBA34B52A) 74E1912C70273795DC7E54C50F16C1D0 {
}
[1721221892.975][DEBUG]: DevTools WebSocket Event: Page.frameResized (session_id=289F368CB1AE910EC926249EBA34B52A) 74E1912C70273795DC7E54C50F16C1D0 {
}
[1721221892.975][DEBUG]: DevTools WebSocket Event: Runtime.executionContextCreated (session_id=289F368CB1AE910EC926249EBA34B52A) 74E1912C70273795DC7E54C50F16C1D0 {
   "context": {
      "auxData": {
         "frameId": "74E1912C70273795DC7E54C50F16C1D0",
         "isDefault": true,
         "type": "default"
      },
      "id": 1,
      "name": "",
      "origin": "://",
      "uniqueId": "7796618323133490541.-2783710201865735508"
   }
}
[1721221892.975][DEBUG]: DevTools WebSocket Response: Runtime.enable (id=8) (session_id=289F368CB1AE910EC926249EBA34B52A) 74E1912C70273795DC7E54C50F16C1D0 {
}
[1721221892.975][DEBUG]: DevTools WebSocket Command: Runtime.enable (id=9) (session_id=289F368CB1AE910EC926249EBA34B52A) 74E1912C70273795DC7E54C50F16C1D0 {
}
[1721221892.976][DEBUG]: DevTools WebSocket Response: Runtime.enable (id=9) (session_id=289F368CB1AE910EC926249EBA34B52A) 74E1912C70273795DC7E54C50F16C1D0 {
}
[1721221892.976][INFO]: [ec03881a59acd9edb79495250658f1c0] RESPONSE InitSession {
   "capabilities": {
      "acceptInsecureCerts": false,
      "browserName": "chrome",
      "browserVersion": "126.0.6478.127",
      "chrome": {
         "chromedriverVersion": "126.0.6478.182 (5b5d8292ddf182f8b2096fa665b473b6317906d5-refs/branch-heads/6478@{#1776})",
         "userDataDir": "C:\\Users\\Forneus\\AppData\\Local\\Temp\\scoped_dir19068_1683865894"
      },
      "fedcm:accounts": true,
      "goog:chromeOptions": {
         "debuggerAddress": "localhost:54559"
      },
      "networkConnectionEnabled": false,
      "pageLoadStrategy": "normal",
      "platformName": "windows",
      "proxy": {
      },
      "setWindowRect": true,
      "strictFileInteractability": false,
      "timeouts": {
         "implicit": 0,
         "pageLoad": 300000,
         "script": 30000
      },
      "unhandledPromptBehavior": "dismiss and notify",
      "webauthn:extension:credBlob": true,
      "webauthn:extension:largeBlob": true,
      "webauthn:extension:minPinLength": true,
      "webauthn:extension:prf": true,
      "webauthn:virtualAuthenticators": true
   },
   "sessionId": "ec03881a59acd9edb79495250658f1c0"
}
[1721221973.715][DEBUG]: DevTools WebSocket Event: Inspector.detached (session_id=289F368CB1AE910EC926249EBA34B52A) 74E1912C70273795DC7E54C50F16C1D0 {
   "reason": "Render process gone."
}
[1721221973.718][DEBUG]: DevTools WebSocket Event: Target.detachedFromTarget (session_id=) browser {
   "sessionId": "289F368CB1AE910EC926249EBA34B52A",
   "targetId": "74E1912C70273795DC7E54C50F16C1D0"
}
